<?xml version="1.0" encoding="UTF-8"?>
<!-- Generated by org.testng.reporters.JUnitXMLReporter -->
<testsuite hostname="Gazis-MBP.home" ignored="0" name="CityBank" tests="1" failures="1" timestamp="17 May 2018 03:35:13 GMT" time="38.548" errors="0">
  <testcase name="feature" time="38.25" classname="cucumber.api.testng.AbstractTestNGCucumberTests">
    <failure type="cucumber.runtime.CucumberException" message="java.lang.IllegalArgumentException: Cannot find elements when the XPath is null.">
      <![CDATA[cucumber.runtime.CucumberException: java.lang.IllegalArgumentException: Cannot find elements when the XPath is null.
at cucumber.api.testng.TestNGCucumberRunner.runCucumber(TestNGCucumberRunner.java:69)
at cucumber.api.testng.AbstractTestNGCucumberTests.feature(AbstractTestNGCucumberTests.java:21)
Caused by: java.lang.IllegalArgumentException: Cannot find elements when the XPath is null.
at org.openqa.selenium.By.xpath(By.java:113)
at Util.Lib.findelement(Lib.java:21)
at Steps.GUIStepDefinition.clicking(GUIStepDefinition.java:42)
at ✽.And i am clicking "<key8>"(src/test/resources/Feature/NewClient.feature:18)
... Removed 25 stack frames]]>
    </failure>
  </testcase> <!-- feature -->
</testsuite> <!-- CityBank -->
